<?xml version="1.0" encoding="UTF-8"?>
<coverage generated="1768707001661" clover="3.2.0">
  <project timestamp="1768707001661" name="All files">
    <metrics statements="14" coveredstatements="12" conditionals="10" coveredconditionals="7" methods="1" coveredmethods="1" elements="25" coveredelements="20" complexity="0" loc="14" ncloc="14" packages="1" files="1" classes="1"/>
    <file name="email.ts" path="/Users/tsewangnorboo/projects/ladakh-moto-website/src/utils/email.ts">
      <metrics statements="14" coveredstatements="12" conditionals="10" coveredconditionals="7" methods="1" coveredmethods="1"/>
      <line num="12" count="2" type="stmt"/>
      <line num="13" count="2" type="cond" truecount="1" falsecount="1"/>
      <line num="14" count="2" type="stmt"/>
      <line num="15" count="2" type="stmt"/>
      <line num="17" count="2" type="cond" truecount="5" falsecount="0"/>
      <line num="18" count="1" type="stmt"/>
      <line num="21" count="1" type="stmt"/>
      <line num="31" count="1" type="stmt"/>
      <line num="39" count="2" type="stmt"/>
      <line num="40" count="2" type="stmt"/>
      <line num="41" count="1" type="stmt"/>
      <line num="42" count="1" type="stmt"/>
      <line num="44" count="0" type="stmt"/>
      <line num="45" count="0" type="stmt"/>
    </file>
  </project>
</coverage>
