{"/Users/tsewangnorboo/projects/ladakh-moto-website/src/utils/email.ts": {"path":"/Users/tsewangnorboo/projects/ladakh-moto-website/src/utils/email.ts","statementMap":{"0":{"start":{"line":12,"column":15},"end":{"line":12,"column":36}},"1":{"start":{"line":13,"column":15},"end":{"line":13,"column":null}},"2":{"start":{"line":14,"column":15},"end":{"line":14,"column":36}},"3":{"start":{"line":15,"column":15},"end":{"line":15,"column":36}},"4":{"start":{"line":17,"column":2},"end":{"line":18,"column":null}},"5":{"start":{"line":18,"column":4},"end":{"line":18,"column":null}},"6":{"start":{"line":21,"column":22},"end":{"line":29,"column":null}},"7":{"start":{"line":31,"column":22},"end":{"line":37,"column":null}},"8":{"start":{"line":39,"column":2},"end":{"line":46,"column":null}},"9":{"start":{"line":40,"column":17},"end":{"line":40,"column":null}},"10":{"start":{"line":41,"column":4},"end":{"line":41,"column":null}},"11":{"start":{"line":42,"column":4},"end":{"line":42,"column":null}},"12":{"start":{"line":44,"column":4},"end":{"line":44,"column":null}},"13":{"start":{"line":45,"column":4},"end":{"line":45,"column":null}}},"fnMap":{"0":{"name":"sendEmail","decl":{"start":{"line":11,"column":22},"end":{"line":11,"column":32}},"loc":{"start":{"line":11,"column":53},"end":{"line":47,"column":null}},"line":11}},"branchMap":{"0":{"loc":{"start":{"line":13,"column":24},"end":{"line":13,"column":56}},"type":"binary-expr","locations":[{"start":{"line":13,"column":24},"end":{"line":13,"column":45}},{"start":{"line":13,"column":49},"end":{"line":13,"column":56}}],"line":13},"1":{"loc":{"start":{"line":17,"column":2},"end":{"line":18,"column":null}},"type":"if","locations":[{"start":{"line":17,"column":2},"end":{"line":18,"column":null}},{"start":{},"end":{}}],"line":17},"2":{"loc":{"start":{"line":17,"column":6},"end":{"line":17,"column":null}},"type":"binary-expr","locations":[{"start":{"line":17,"column":6},"end":{"line":17,"column":15}},{"start":{"line":17,"column":15},"end":{"line":17,"column":24}},{"start":{"line":17,"column":24},"end":{"line":17,"column":null}}],"line":17},"3":{"loc":{"start":{"line":32,"column":10},"end":{"line":32,"column":null}},"type":"binary-expr","locations":[{"start":{"line":32,"column":10},"end":{"line":32,"column":22}},{"start":{"line":32,"column":26},"end":{"line":32,"column":47}},{"start":{"line":32,"column":51},"end":{"line":32,"column":null}}],"line":32}},"s":{"0":2,"1":2,"2":2,"3":2,"4":2,"5":1,"6":1,"7":1,"8":2,"9":2,"10":1,"11":1,"12":0,"13":0},"f":{"0":2},"b":{"0":[2,0],"1":[1,1],"2":[2,1,1],"3":[1,0,0]},"meta":{"lastBranch":4,"lastFunction":1,"lastStatement":14,"seen":{"f:11:22:11:32":0,"s:12:15:12:36":0,"s:13:15:13:Infinity":1,"b:13:24:13:45:13:49:13:56":0,"s:14:15:14:36":2,"s:15:15:15:36":3,"b:17:2:18:Infinity:undefined:undefined:undefined:undefined":1,"s:17:2:18:Infinity":4,"b:17:6:17:15:17:15:17:24:17:24:17:Infinity":2,"s:18:4:18:Infinity":5,"s:21:22:29:Infinity":6,"s:31:22:37:Infinity":7,"b:32:10:32:22:32:26:32:47:32:51:32:Infinity":3,"s:39:2:46:Infinity":8,"s:40:17:40:Infinity":9,"s:41:4:41:Infinity":10,"s:42:4:42:Infinity":11,"s:44:4:44:Infinity":12,"s:45:4:45:Infinity":13}}}
}
